<?xml version="1.0" encoding="UTF-8"?>
<!-- Generated by org.testng.reporters.JUnitXMLReporter -->
<testsuite ignored="0" hostname="Faridas-MacBook-Pro.local" failures="1" tests="11" name="Shopping from categories test" time="357.993" errors="0" timestamp="2023-05-30T20:25:30 EDT">
  <testcase classname="scaledupit.ShoppingFromCategoriesTest" name="shoppingFromBeautyCareCategories" time="29.551"/>
  <testcase classname="scaledupit.ShoppingFromCategoriesTest" name="shoppingFromClothingCategories" time="30.598"/>
  <testcase classname="scaledupit.ShoppingFromCategoriesTest" name="shoppingFromFeaturedBesideCategories" time="30.085"/>
  <testcase classname="scaledupit.ShoppingFromCategoriesTest" name="shoppingFromFeaturedCategories" time="20.283">
    <failure type="java.lang.AssertionError" message="expected [Cart – Automation] but found [Woman Collection – Automation]">
      <![CDATA[java.lang.AssertionError: expected [Cart – Automation] but found [Woman Collection – Automation]
at scaledupit.ShoppingFromCategoriesTest.shoppingFromFeaturedCategories(ShoppingFromCategoriesTest.java:378)
at java.base/java.util.ArrayList.forEach(ArrayList.java:1541)
at com.intellij.rt.testng.IDEARemoteTestNG.run(IDEARemoteTestNG.java:66)
at com.intellij.rt.testng.RemoteTestNGStarter.main(RemoteTestNGStarter.java:105)
... Removed 30 stack frames]]>
    </failure>
  </testcase> <!-- shoppingFromFeaturedCategories -->
  <testcase classname="scaledupit.ShoppingFromCategoriesTest" name="shoppingFromFoodBeverageCategories" time="29.341"/>
  <testcase classname="scaledupit.ShoppingFromCategoriesTest" name="shoppingFromMenCollectionCategories" time="30.118"/>
  <testcase classname="scaledupit.ShoppingFromCategoriesTest" name="shoppingFromMusicCategories" time="29.322"/>
  <testcase classname="scaledupit.ShoppingFromCategoriesTest" name="shoppingFromPostersCategories" time="29.325"/>
  <testcase classname="scaledupit.ShoppingFromCategoriesTest" name="shoppingFromShoesCategories" time="29.555"/>
  <testcase classname="scaledupit.ShoppingFromCategoriesTest" name="shoppingFromSuglassCategories" time="28.989"/>
  <testcase classname="scaledupit.ShoppingFromCategoriesTest" name="shoppingFromWomenCollectionCategories" time="33.143"/>
</testsuite> <!-- Shopping from categories test -->
