<!DOCTYPE html PUBLIC "-//W3C//DTD XHTML 1.1//EN" "https://www.w3.org/TR/xhtml11/DTD/xhtml11.dtd">
<html xmlns="https://www.w3.org/1999/xhtml">
<head>
<meta http-equiv="content-type" content="text/html; charset=UTF-8"/>
<title>TestNG Report</title>
<style type="text/css">table {margin-bottom:10px;border-collapse:collapse;empty-cells:show}th,td {border:1px solid #009;padding:.25em .5em}th {vertical-align:bottom}td {vertical-align:top}table a {font-weight:bold}.stripe td {background-color: #E6EBF9}.num {text-align:right}.passedodd td {background-color: #3F3}.passedeven td {background-color: #0A0}.skippedodd td {background-color: #DDD}.skippedeven td {background-color: #CCC}.failedodd td,.attn {background-color: #F33}.failedeven td,.stripe .attn {background-color: #D00}.stacktrace {white-space:pre;font-family:monospace}.totop {font-size:85%;text-align:center;border-bottom:2px solid #000}.invisible {display:none}</style>
</head>
<body>
<table>
<tr><th>Test</th><th># Passed</th><th># Skipped</th><th># Retried</th><th># Failed</th><th>Time (ms)</th><th>Included Groups</th><th>Excluded Groups</th></tr>
<tr><th colspan="8">scaledupit test</th></tr>
<tr><td><a href="#t0">registration  test</a></td><td class="num">2</td><td class="num">0</td><td class="num">0</td><td class="num">0</td><td class="num">27,469</td><td></td><td></td></tr>
<tr class="stripe"><td><a href="#t1">login test</a></td><td class="num">4</td><td class="num">0</td><td class="num">0</td><td class="num">0</td><td class="num">43,766</td><td></td><td></td></tr>
<tr><td><a href="#t2">logout test</a></td><td class="num">1</td><td class="num">0</td><td class="num">0</td><td class="num">0</td><td class="num">13,674</td><td></td><td></td></tr>
<tr class="stripe"><td><a href="#t3">Shopping cart management test</a></td><td class="num">1</td><td class="num">0</td><td class="num">0</td><td class="num attn">2</td><td class="num">80,575</td><td></td><td></td></tr>
<tr><td><a href="#t4">Shopping from categories test</a></td><td class="num">10</td><td class="num">0</td><td class="num">0</td><td class="num attn">1</td><td class="num">357,993</td><td></td><td></td></tr>
<tr class="stripe"><td><a href="#t5">Shopping from menu button test</a></td><td class="num">4</td><td class="num">0</td><td class="num">0</td><td class="num attn">1</td><td class="num">160,272</td><td></td><td></td></tr>
<tr><td><a href="#t6">add review test</a></td><td class="num">1</td><td class="num">0</td><td class="num">0</td><td class="num">0</td><td class="num">34,977</td><td></td><td></td></tr>
<tr class="stripe"><td><a href="#t7">Connect to social media test</a></td><td class="num">3</td><td class="num">0</td><td class="num">0</td><td class="num">0</td><td class="num">22,894</td><td></td><td></td></tr>
<tr><td><a href="#t8">update account information test</a></td><td class="num">1</td><td class="num">0</td><td class="num">0</td><td class="num">0</td><td class="num">10,479</td><td></td><td></td></tr>
<tr class="stripe"><td><a href="#t9">update   billing address test</a></td><td class="num">1</td><td class="num">0</td><td class="num">0</td><td class="num">0</td><td class="num">15,278</td><td></td><td></td></tr>
<tr><td><a href="#t10"> order from orders test</a></td><td class="num">1</td><td class="num">0</td><td class="num">0</td><td class="num">0</td><td class="num">28,173</td><td></td><td></td></tr>
<tr class="stripe"><td><a href="#t11"> orders from downloads test</a></td><td class="num">1</td><td class="num">0</td><td class="num">0</td><td class="num">0</td><td class="num">28,111</td><td></td><td></td></tr>
<tr><th>Total</th><th class="num">30</th><th class="num">0</th><th class="num">0</th><th class="num attn">4</th><th class="num">823,661</th><th colspan="2"></th></tr>
</table>
<table id='summary'><thead><tr><th>Class</th><th>Method</th><th>Start</th><th>Time (ms)</th></tr></thead><tbody><tr><th colspan="4">scaledupit test</th></tr></tbody><tbody id="t0"><tr><th colspan="4">registration  test &#8212; passed</th></tr><tr class="passedeven"><td rowspan="2">scaledupit.UserRegistration</td><td><a href="#m0">RegistrationInValid</a></td><td rowspan="1">1685492213161</td><td rowspan="1">8321</td></tr><tr class="passedeven"><td><a href="#m1">RegistrationValidation</a></td><td rowspan="1">1685492225319</td><td rowspan="1">8703</td></tr></tbody>
<tbody id="t1"><tr><th colspan="4">login test &#8212; passed</th></tr><tr class="passedeven"><td rowspan="4">scaledupit.LoginTest</td><td><a href="#m2">invalidUsername</a></td><td rowspan="1">1685492237564</td><td rowspan="1">5230</td></tr><tr class="passedeven"><td><a href="#m3">missingPassword</a></td><td rowspan="1">1685492246253</td><td rowspan="1">8072</td></tr><tr class="passedeven"><td><a href="#m4">missingUsername</a></td><td rowspan="1">1685492257709</td><td rowspan="1">8056</td></tr><tr class="passedeven"><td><a href="#m5">validCredential</a></td><td rowspan="1">1685492269158</td><td rowspan="1">8621</td></tr></tbody>
<tbody id="t2"><tr><th colspan="4">logout test &#8212; passed</th></tr><tr class="passedeven"><td rowspan="1">scaledupit.LogoutTest</td><td><a href="#m6">logout</a></td><td rowspan="1">1685492281182</td><td rowspan="1">10318</td></tr></tbody>
<tbody id="t3"><tr><th colspan="4">Shopping cart management test &#8212; failed</th></tr><tr class="failedeven"><td rowspan="2">scaledupit.ShoppingCartManagement</td><td><a href="#m7">ApplyCoupon</a></td><td rowspan="1">1685492294705</td><td rowspan="1">29477</td></tr><tr class="failedeven"><td><a href="#m8">EmptyShoppingCart</a></td><td rowspan="1">1685492328193</td><td rowspan="1">23403</td></tr><tr><th colspan="4">Shopping cart management test &#8212; passed</th></tr><tr class="passedeven"><td rowspan="1">scaledupit.ShoppingCartManagement</td><td><a href="#m9">searchAndAddProductToCart</a></td><td rowspan="1">1685492355745</td><td rowspan="1">16320</td></tr></tbody>
<tbody id="t4"><tr><th colspan="4">Shopping from categories test &#8212; failed</th></tr><tr class="failedeven"><td rowspan="1">scaledupit.ShoppingFromCategoriesTest</td><td><a href="#m10">shoppingFromFeaturedCategories</a></td><td rowspan="1">1685492475763</td><td rowspan="1">20283</td></tr><tr><th colspan="4">Shopping from categories test &#8212; passed</th></tr><tr class="passedeven"><td rowspan="10">scaledupit.ShoppingFromCategoriesTest</td><td><a href="#m11">shoppingFromBeautyCareCategories</a></td><td rowspan="1">1685492375538</td><td rowspan="1">29551</td></tr><tr class="passedeven"><td><a href="#m12">shoppingFromClothingCategories</a></td><td rowspan="1">1685492408386</td><td rowspan="1">30598</td></tr><tr class="passedeven"><td><a href="#m13">shoppingFromFeaturedBesideCategories</a></td><td rowspan="1">1685492442387</td><td rowspan="1">30085</td></tr><tr class="passedeven"><td><a href="#m14">shoppingFromFoodBeverageCategories</a></td><td rowspan="1">1685492499950</td><td rowspan="1">29341</td></tr><tr class="passedeven"><td><a href="#m15">shoppingFromMenCollectionCategories</a></td><td rowspan="1">1685492532717</td><td rowspan="1">30118</td></tr><tr class="passedeven"><td><a href="#m16">shoppingFromMusicCategories</a></td><td rowspan="1">1685492566087</td><td rowspan="1">29322</td></tr><tr class="passedeven"><td><a href="#m17">shoppingFromPostersCategories</a></td><td rowspan="1">1685492599113</td><td rowspan="1">29325</td></tr><tr class="passedeven"><td><a href="#m18">shoppingFromShoesCategories</a></td><td rowspan="1">1685492631809</td><td rowspan="1">29555</td></tr><tr class="passedeven"><td><a href="#m19">shoppingFromSuglassCategories</a></td><td rowspan="1">1685492664794</td><td rowspan="1">28989</td></tr><tr class="passedeven"><td><a href="#m20">shoppingFromWomenCollectionCategories</a></td><td rowspan="1">1685492697105</td><td rowspan="1">33143</td></tr></tbody>
<tbody id="t5"><tr><th colspan="4">Shopping from menu button test &#8212; failed</th></tr><tr class="failedeven"><td rowspan="1">scaledupit.ShoppingFromMenuButtonsTest</td><td><a href="#m21">shoppingFromBlogButton</a></td><td rowspan="1">1685492734012</td><td rowspan="1">22387</td></tr><tr><th colspan="4">Shopping from menu button test &#8212; passed</th></tr><tr class="passedeven"><td rowspan="4">scaledupit.ShoppingFromMenuButtonsTest</td><td><a href="#m22">shoppingFromHomeButton</a></td><td rowspan="1">1685492760483</td><td rowspan="1">30140</td></tr><tr class="passedeven"><td><a href="#m23">shoppingFromMenCollectionButton</a></td><td rowspan="1">1685492794356</td><td rowspan="1">29890</td></tr><tr class="passedeven"><td><a href="#m24">shoppingFromShopButton</a></td><td rowspan="1">1685492827771</td><td rowspan="1">29906</td></tr><tr class="passedeven"><td><a href="#m25">shoppingFromWomenCollectionButton</a></td><td rowspan="1">1685492861196</td><td rowspan="1">29467</td></tr></tbody>
<tbody id="t6"><tr><th colspan="4">add review test &#8212; passed</th></tr><tr class="passedeven"><td rowspan="1">scaledupit.AddReviewTest</td><td><a href="#m26">AddReviewTest</a></td><td rowspan="1">1685492894321</td><td rowspan="1">31533</td></tr></tbody>
<tbody id="t7"><tr><th colspan="4">Connect to social media test &#8212; passed</th></tr><tr class="passedeven"><td rowspan="3">scaledupit.ConnectToSocialMediaTest</td><td><a href="#m27">ConnectFaceBook</a></td><td rowspan="1">1685492929257</td><td rowspan="1">4331</td></tr><tr class="passedeven"><td><a href="#m28">ConnectInstagram</a></td><td rowspan="1">1685492936939</td><td rowspan="1">4256</td></tr><tr class="passedeven"><td><a href="#m29">ConnectSnapShot</a></td><td rowspan="1">1685492944458</td><td rowspan="1">4305</td></tr></tbody>
<tbody id="t8"><tr><th colspan="4">update account information test &#8212; passed</th></tr><tr class="passedeven"><td rowspan="1">scaledupit.UpdateAccountDetailTest</td><td><a href="#m30">UpdateNameAndLastName</a></td><td rowspan="1">1685492952070</td><td rowspan="1">7154</td></tr></tbody>
<tbody id="t9"><tr><th colspan="4">update   billing address test &#8212; passed</th></tr><tr class="passedeven"><td rowspan="1">scaledupit.UpdateAdresses</td><td><a href="#m31">UpdateBillingAddress</a></td><td rowspan="1">1685492962474</td><td rowspan="1">11993</td></tr></tbody>
<tbody id="t10"><tr><th colspan="4"> order from orders test &#8212; passed</th></tr><tr class="passedeven"><td rowspan="1">scaledupit.OrdersFromOrdersTest</td><td><a href="#m32">UpdateNameAndLastName</a></td><td rowspan="1">1685492977883</td><td rowspan="1">24772</td></tr></tbody>
<tbody id="t11"><tr><th colspan="4"> orders from downloads test &#8212; passed</th></tr><tr class="passedeven"><td rowspan="1">scaledupit.OrderFromDownloadsTest</td><td><a href="#m33">OrdersFromDownloads</a></td><td rowspan="1">1685493005956</td><td rowspan="1">24836</td></tr></tbody>
</table>
<h2>registration  test</h2><h3 id="m0">scaledupit.UserRegistration#RegistrationInValid</h3><table class="result"><tr><th class="invisible"/></tr></table><p class="totop"><a href="#summary">back to summary</a></p>
<h3 id="m1">scaledupit.UserRegistration#RegistrationValidation</h3><table class="result"><tr><th class="invisible"/></tr></table><p class="totop"><a href="#summary">back to summary</a></p>
<h2>login test</h2><h3 id="m2">scaledupit.LoginTest#invalidUsername</h3><table class="result"><tr><th class="invisible"/></tr></table><p class="totop"><a href="#summary">back to summary</a></p>
<h3 id="m3">scaledupit.LoginTest#missingPassword</h3><table class="result"><tr><th class="invisible"/></tr></table><p class="totop"><a href="#summary">back to summary</a></p>
<h3 id="m4">scaledupit.LoginTest#missingUsername</h3><table class="result"><tr><th class="invisible"/></tr></table><p class="totop"><a href="#summary">back to summary</a></p>
<h3 id="m5">scaledupit.LoginTest#validCredential</h3><table class="result"><tr><th class="invisible"/></tr></table><p class="totop"><a href="#summary">back to summary</a></p>
<h2>logout test</h2><h3 id="m6">scaledupit.LogoutTest#logout</h3><table class="result"><tr><th class="invisible"/></tr></table><p class="totop"><a href="#summary">back to summary</a></p>
<h2>Shopping cart management test</h2><h3 id="m7">scaledupit.ShoppingCartManagement#ApplyCoupon</h3><table class="result"><tr><th>Exception</th></tr><tr><td><div class="stacktrace">org.openqa.selenium.NoSuchElementException: no such element: Unable to locate element: {&quot;method&quot;:&quot;xpath&quot;,&quot;selector&quot;:&quot;//input[@id=&apos;coupon_code&apos;]&quot;}
  (Session info: chrome=113.0.5672.126)
For documentation on this error, please visit: https://selenium.dev/exceptions/#no_such_element
Build info: version: &apos;4.8.3&apos;, revision: &apos;e5e76298c3&apos;
System info: os.name: &apos;Mac OS X&apos;, os.arch: &apos;x86_64&apos;, os.version: &apos;12.6.2&apos;, java.version: &apos;11.0.17&apos;
Driver info: org.openqa.selenium.chrome.ChromeDriver
Command: [623b4db2c6103e127f377297ebb84ea5, findElement {using=xpath, value=//input[@id=&apos;coupon_code&apos;]}]
Capabilities {acceptInsecureCerts: false, browserName: chrome, browserVersion: 113.0.5672.126, chrome: {chromedriverVersion: 113.0.5672.63 (0e1a4471d5ae..., userDataDir: /var/folders/rn/lv0j60yx69s...}, goog:chromeOptions: {debuggerAddress: localhost:65316}, networkConnectionEnabled: false, pageLoadStrategy: normal, platformName: MAC, proxy: Proxy(), se:cdp: ws://localhost:65316/devtoo..., se:cdpVersion: 113.0.5672.126, setWindowRect: true, strictFileInteractability: false, timeouts: {implicit: 0, pageLoad: 300000, script: 30000}, unhandledPromptBehavior: dismiss and notify, webauthn:extension:credBlob: true, webauthn:extension:largeBlob: true, webauthn:extension:minPinLength: true, webauthn:extension:prf: true, webauthn:virtualAuthenticators: true}
Session ID: 623b4db2c6103e127f377297ebb84ea5
	at org.openqa.selenium.remote.codec.w3c.W3CHttpResponseCodec.createException(W3CHttpResponseCodec.java:200)
	at org.openqa.selenium.remote.codec.w3c.W3CHttpResponseCodec.decode(W3CHttpResponseCodec.java:133)
	at org.openqa.selenium.remote.codec.w3c.W3CHttpResponseCodec.decode(W3CHttpResponseCodec.java:53)
	at org.openqa.selenium.remote.HttpCommandExecutor.execute(HttpCommandExecutor.java:193)
	at org.openqa.selenium.remote.service.DriverCommandExecutor.invokeExecute(DriverCommandExecutor.java:183)
	at org.openqa.selenium.remote.service.DriverCommandExecutor.execute(DriverCommandExecutor.java:158)
	at org.openqa.selenium.remote.RemoteWebDriver.execute(RemoteWebDriver.java:543)
	at org.openqa.selenium.remote.ElementLocation$ElementFinder$2.findElement(ElementLocation.java:162)
	at org.openqa.selenium.remote.ElementLocation.findElement(ElementLocation.java:60)
	at org.openqa.selenium.remote.RemoteWebDriver.findElement(RemoteWebDriver.java:352)
	at org.openqa.selenium.remote.RemoteWebDriver.findElement(RemoteWebDriver.java:344)
	at org.openqa.selenium.support.pagefactory.DefaultElementLocator.findElement(DefaultElementLocator.java:70)
	at org.openqa.selenium.support.pagefactory.internal.LocatingElementHandler.invoke(LocatingElementHandler.java:39)
	at com.sun.proxy.$Proxy34.click(Unknown Source)
	at team2.base.CommonAPI.clickOn(CommonAPI.java:207)
	at team2.scaledupitpages.CartPage.clickOnCouponField(CartPage.java:145)
	at scaledupit.ShoppingCartManagement.ApplyCoupon(ShoppingCartManagement.java:132)
	at java.base/java.util.ArrayList.forEach(ArrayList.java:1541)
	at com.intellij.rt.testng.IDEARemoteTestNG.run(IDEARemoteTestNG.java:66)
	at com.intellij.rt.testng.RemoteTestNGStarter.main(RemoteTestNGStarter.java:105)
... Removed 28 stack frames</div></td></tr></table><p class="totop"><a href="#summary">back to summary</a></p>
<h3 id="m8">scaledupit.ShoppingCartManagement#EmptyShoppingCart</h3><table class="result"><tr><th>Exception</th></tr><tr><td><div class="stacktrace">org.openqa.selenium.ElementNotInteractableException: element not interactable
  (Session info: chrome=113.0.5672.126)
Build info: version: &apos;4.8.3&apos;, revision: &apos;e5e76298c3&apos;
System info: os.name: &apos;Mac OS X&apos;, os.arch: &apos;x86_64&apos;, os.version: &apos;12.6.2&apos;, java.version: &apos;11.0.17&apos;
Driver info: org.openqa.selenium.chrome.ChromeDriver
Command: [08de77746c45a05fbcc37d8781bc564d, clickElement {id=04133149AD98A545B28A388F3EC08232_element_122}]
Capabilities {acceptInsecureCerts: false, browserName: chrome, browserVersion: 113.0.5672.126, chrome: {chromedriverVersion: 113.0.5672.63 (0e1a4471d5ae..., userDataDir: /var/folders/rn/lv0j60yx69s...}, goog:chromeOptions: {debuggerAddress: localhost:65483}, networkConnectionEnabled: false, pageLoadStrategy: normal, platformName: MAC, proxy: Proxy(), se:cdp: ws://localhost:65483/devtoo..., se:cdpVersion: 113.0.5672.126, setWindowRect: true, strictFileInteractability: false, timeouts: {implicit: 0, pageLoad: 300000, script: 30000}, unhandledPromptBehavior: dismiss and notify, webauthn:extension:credBlob: true, webauthn:extension:largeBlob: true, webauthn:extension:minPinLength: true, webauthn:extension:prf: true, webauthn:virtualAuthenticators: true}
Element: [[ChromeDriver: chrome on MAC (08de77746c45a05fbcc37d8781bc564d)] -&gt; xpath: //a[normalize-space()=&apos;×&apos;]]
Session ID: 08de77746c45a05fbcc37d8781bc564d
	at org.openqa.selenium.remote.codec.w3c.W3CHttpResponseCodec.createException(W3CHttpResponseCodec.java:200)
	at org.openqa.selenium.remote.codec.w3c.W3CHttpResponseCodec.decode(W3CHttpResponseCodec.java:133)
	at org.openqa.selenium.remote.codec.w3c.W3CHttpResponseCodec.decode(W3CHttpResponseCodec.java:53)
	at org.openqa.selenium.remote.HttpCommandExecutor.execute(HttpCommandExecutor.java:193)
	at org.openqa.selenium.remote.service.DriverCommandExecutor.invokeExecute(DriverCommandExecutor.java:183)
	at org.openqa.selenium.remote.service.DriverCommandExecutor.execute(DriverCommandExecutor.java:158)
	at org.openqa.selenium.remote.RemoteWebDriver.execute(RemoteWebDriver.java:543)
	at org.openqa.selenium.remote.RemoteWebElement.execute(RemoteWebElement.java:257)
	at org.openqa.selenium.remote.RemoteWebElement.click(RemoteWebElement.java:78)
	at org.openqa.selenium.support.pagefactory.internal.LocatingElementHandler.invoke(LocatingElementHandler.java:52)
	at com.sun.proxy.$Proxy34.click(Unknown Source)
	at team2.base.CommonAPI.clickOn(CommonAPI.java:207)
	at team2.scaledupitpages.CartPage.clickOnDeleteButton(CartPage.java:139)
	at scaledupit.ShoppingCartManagement.EmptyShoppingCart(ShoppingCartManagement.java:183)
	at java.base/java.util.ArrayList.forEach(ArrayList.java:1541)
	at com.intellij.rt.testng.IDEARemoteTestNG.run(IDEARemoteTestNG.java:66)
	at com.intellij.rt.testng.RemoteTestNGStarter.main(RemoteTestNGStarter.java:105)
... Removed 31 stack frames</div></td></tr></table><p class="totop"><a href="#summary">back to summary</a></p>
<h3 id="m9">scaledupit.ShoppingCartManagement#searchAndAddProductToCart</h3><table class="result"><tr><th class="invisible"/></tr></table><p class="totop"><a href="#summary">back to summary</a></p>
<h2>Shopping from categories test</h2><h3 id="m10">scaledupit.ShoppingFromCategoriesTest#shoppingFromFeaturedCategories</h3><table class="result"><tr><th>Exception</th></tr><tr><td><div class="stacktrace">java.lang.AssertionError: expected [Cart – Automation] but found [Woman Collection – Automation]
	at scaledupit.ShoppingFromCategoriesTest.shoppingFromFeaturedCategories(ShoppingFromCategoriesTest.java:378)
	at java.base/java.util.ArrayList.forEach(ArrayList.java:1541)
	at com.intellij.rt.testng.IDEARemoteTestNG.run(IDEARemoteTestNG.java:66)
	at com.intellij.rt.testng.RemoteTestNGStarter.main(RemoteTestNGStarter.java:105)
... Removed 30 stack frames</div></td></tr></table><p class="totop"><a href="#summary">back to summary</a></p>
<h3 id="m11">scaledupit.ShoppingFromCategoriesTest#shoppingFromBeautyCareCategories</h3><table class="result"><tr><th class="invisible"/></tr></table><p class="totop"><a href="#summary">back to summary</a></p>
<h3 id="m12">scaledupit.ShoppingFromCategoriesTest#shoppingFromClothingCategories</h3><table class="result"><tr><th class="invisible"/></tr></table><p class="totop"><a href="#summary">back to summary</a></p>
<h3 id="m13">scaledupit.ShoppingFromCategoriesTest#shoppingFromFeaturedBesideCategories</h3><table class="result"><tr><th class="invisible"/></tr></table><p class="totop"><a href="#summary">back to summary</a></p>
<h3 id="m14">scaledupit.ShoppingFromCategoriesTest#shoppingFromFoodBeverageCategories</h3><table class="result"><tr><th class="invisible"/></tr></table><p class="totop"><a href="#summary">back to summary</a></p>
<h3 id="m15">scaledupit.ShoppingFromCategoriesTest#shoppingFromMenCollectionCategories</h3><table class="result"><tr><th class="invisible"/></tr></table><p class="totop"><a href="#summary">back to summary</a></p>
<h3 id="m16">scaledupit.ShoppingFromCategoriesTest#shoppingFromMusicCategories</h3><table class="result"><tr><th class="invisible"/></tr></table><p class="totop"><a href="#summary">back to summary</a></p>
<h3 id="m17">scaledupit.ShoppingFromCategoriesTest#shoppingFromPostersCategories</h3><table class="result"><tr><th class="invisible"/></tr></table><p class="totop"><a href="#summary">back to summary</a></p>
<h3 id="m18">scaledupit.ShoppingFromCategoriesTest#shoppingFromShoesCategories</h3><table class="result"><tr><th class="invisible"/></tr></table><p class="totop"><a href="#summary">back to summary</a></p>
<h3 id="m19">scaledupit.ShoppingFromCategoriesTest#shoppingFromSuglassCategories</h3><table class="result"><tr><th class="invisible"/></tr></table><p class="totop"><a href="#summary">back to summary</a></p>
<h3 id="m20">scaledupit.ShoppingFromCategoriesTest#shoppingFromWomenCollectionCategories</h3><table class="result"><tr><th class="invisible"/></tr></table><p class="totop"><a href="#summary">back to summary</a></p>
<h2>Shopping from menu button test</h2><h3 id="m21">scaledupit.ShoppingFromMenuButtonsTest#shoppingFromBlogButton</h3><table class="result"><tr><th>Exception</th></tr><tr><td><div class="stacktrace">org.openqa.selenium.NoSuchElementException: no such element: Unable to locate element: {&quot;method&quot;:&quot;xpath&quot;,&quot;selector&quot;:&quot;//h1[normalize-space()=&apos;Blog&apos;]&quot;}
  (Session info: chrome=113.0.5672.126)
For documentation on this error, please visit: https://selenium.dev/exceptions/#no_such_element
Build info: version: &apos;4.8.3&apos;, revision: &apos;e5e76298c3&apos;
System info: os.name: &apos;Mac OS X&apos;, os.arch: &apos;x86_64&apos;, os.version: &apos;12.6.2&apos;, java.version: &apos;11.0.17&apos;
Driver info: org.openqa.selenium.chrome.ChromeDriver
Command: [4697dc51d3440d4730b7e90bc4b232d1, findElement {using=xpath, value=//h1[normalize-space()=&apos;Blog&apos;]}]
Capabilities {acceptInsecureCerts: false, browserName: chrome, browserVersion: 113.0.5672.126, chrome: {chromedriverVersion: 113.0.5672.63 (0e1a4471d5ae..., userDataDir: /var/folders/rn/lv0j60yx69s...}, goog:chromeOptions: {debuggerAddress: localhost:51176}, networkConnectionEnabled: false, pageLoadStrategy: normal, platformName: MAC, proxy: Proxy(), se:cdp: ws://localhost:51176/devtoo..., se:cdpVersion: 113.0.5672.126, setWindowRect: true, strictFileInteractability: false, timeouts: {implicit: 0, pageLoad: 300000, script: 30000}, unhandledPromptBehavior: dismiss and notify, webauthn:extension:credBlob: true, webauthn:extension:largeBlob: true, webauthn:extension:minPinLength: true, webauthn:extension:prf: true, webauthn:virtualAuthenticators: true}
Session ID: 4697dc51d3440d4730b7e90bc4b232d1
	at org.openqa.selenium.remote.codec.w3c.W3CHttpResponseCodec.createException(W3CHttpResponseCodec.java:200)
	at org.openqa.selenium.remote.codec.w3c.W3CHttpResponseCodec.decode(W3CHttpResponseCodec.java:133)
	at org.openqa.selenium.remote.codec.w3c.W3CHttpResponseCodec.decode(W3CHttpResponseCodec.java:53)
	at org.openqa.selenium.remote.HttpCommandExecutor.execute(HttpCommandExecutor.java:193)
	at org.openqa.selenium.remote.service.DriverCommandExecutor.invokeExecute(DriverCommandExecutor.java:183)
	at org.openqa.selenium.remote.service.DriverCommandExecutor.execute(DriverCommandExecutor.java:158)
	at org.openqa.selenium.remote.RemoteWebDriver.execute(RemoteWebDriver.java:543)
	at org.openqa.selenium.remote.ElementLocation$ElementFinder$2.findElement(ElementLocation.java:162)
	at org.openqa.selenium.remote.ElementLocation.findElement(ElementLocation.java:60)
	at org.openqa.selenium.remote.RemoteWebDriver.findElement(RemoteWebDriver.java:352)
	at org.openqa.selenium.remote.RemoteWebDriver.findElement(RemoteWebDriver.java:344)
	at org.openqa.selenium.support.pagefactory.DefaultElementLocator.findElement(DefaultElementLocator.java:70)
	at org.openqa.selenium.support.pagefactory.internal.LocatingElementHandler.invoke(LocatingElementHandler.java:39)
	at com.sun.proxy.$Proxy34.getText(Unknown Source)
	at team2.base.CommonAPI.getElementText(CommonAPI.java:201)
	at team2.scaledupitpages.BlogPage.getHeaderTextBlogPage(BlogPage.java:26)
	at scaledupit.ShoppingFromMenuButtonsTest.shoppingFromBlogButton(ShoppingFromMenuButtonsTest.java:235)
	at java.base/java.util.ArrayList.forEach(ArrayList.java:1541)
	at com.intellij.rt.testng.IDEARemoteTestNG.run(IDEARemoteTestNG.java:66)
	at com.intellij.rt.testng.RemoteTestNGStarter.main(RemoteTestNGStarter.java:105)
... Removed 28 stack frames</div></td></tr></table><p class="totop"><a href="#summary">back to summary</a></p>
<h3 id="m22">scaledupit.ShoppingFromMenuButtonsTest#shoppingFromHomeButton</h3><table class="result"><tr><th class="invisible"/></tr></table><p class="totop"><a href="#summary">back to summary</a></p>
<h3 id="m23">scaledupit.ShoppingFromMenuButtonsTest#shoppingFromMenCollectionButton</h3><table class="result"><tr><th class="invisible"/></tr></table><p class="totop"><a href="#summary">back to summary</a></p>
<h3 id="m24">scaledupit.ShoppingFromMenuButtonsTest#shoppingFromShopButton</h3><table class="result"><tr><th class="invisible"/></tr></table><p class="totop"><a href="#summary">back to summary</a></p>
<h3 id="m25">scaledupit.ShoppingFromMenuButtonsTest#shoppingFromWomenCollectionButton</h3><table class="result"><tr><th class="invisible"/></tr></table><p class="totop"><a href="#summary">back to summary</a></p>
<h2>add review test</h2><h3 id="m26">scaledupit.AddReviewTest#AddReviewTest</h3><table class="result"><tr><th class="invisible"/></tr></table><p class="totop"><a href="#summary">back to summary</a></p>
<h2>Connect to social media test</h2><h3 id="m27">scaledupit.ConnectToSocialMediaTest#ConnectFaceBook</h3><table class="result"><tr><th class="invisible"/></tr></table><p class="totop"><a href="#summary">back to summary</a></p>
<h3 id="m28">scaledupit.ConnectToSocialMediaTest#ConnectInstagram</h3><table class="result"><tr><th class="invisible"/></tr></table><p class="totop"><a href="#summary">back to summary</a></p>
<h3 id="m29">scaledupit.ConnectToSocialMediaTest#ConnectSnapShot</h3><table class="result"><tr><th class="invisible"/></tr></table><p class="totop"><a href="#summary">back to summary</a></p>
<h2>update account information test</h2><h3 id="m30">scaledupit.UpdateAccountDetailTest#UpdateNameAndLastName</h3><table class="result"><tr class="param"><th>Parameter #1</th><th>Parameter #2</th></tr><tr class="param stripe"><td>faridaymmeli@gmail.com</td><td>Password14@</td></tr></table><p class="totop"><a href="#summary">back to summary</a></p>
<h2>update   billing address test</h2><h3 id="m31">scaledupit.UpdateAdresses#UpdateBillingAddress</h3><table class="result"><tr><th class="invisible"/></tr></table><p class="totop"><a href="#summary">back to summary</a></p>
<h2> order from orders test</h2><h3 id="m32">scaledupit.OrdersFromOrdersTest#UpdateNameAndLastName</h3><table class="result"><tr><th class="invisible"/></tr></table><p class="totop"><a href="#summary">back to summary</a></p>
<h2> orders from downloads test</h2><h3 id="m33">scaledupit.OrderFromDownloadsTest#OrdersFromDownloads</h3><table class="result"><tr><th class="invisible"/></tr></table><p class="totop"><a href="#summary">back to summary</a></p>
</body>
</html>
