<?xml version="1.0" encoding="UTF-8"?>
<!-- Generated by org.testng.reporters.JUnitReportReporter -->
<testsuite hostname="Faridas-MacBook-Pro.local" failures="1" tests="11" name="scaledupit.ShoppingFromCategoriesTest" time="357.968" errors="0" timestamp="2023-05-30T20:30:31 EDT" skipped="0">
  <testcase classname="scaledupit.ShoppingFromCategoriesTest" name="shoppingFromShoesCategories" time="32.864"/>
  <system-out/>
  <testcase classname="scaledupit.ShoppingFromCategoriesTest" name="shoppingFromBeautyCareCategories" time="32.981"/>
  <system-out/>
  <testcase classname="scaledupit.ShoppingFromCategoriesTest" name="shoppingFromMenCollectionCategories" time="33.442"/>
  <system-out/>
  <testcase classname="scaledupit.ShoppingFromCategoriesTest" name="shoppingFromPostersCategories" time="32.620"/>
  <system-out/>
  <testcase classname="scaledupit.ShoppingFromCategoriesTest" name="shoppingFromClothingCategories" time="33.961"/>
  <system-out/>
  <testcase classname="scaledupit.ShoppingFromCategoriesTest" name="shoppingFromWomenCollectionCategories" time="36.491"/>
  <system-out/>
  <testcase classname="scaledupit.ShoppingFromCategoriesTest" name="shoppingFromFoodBeverageCategories" time="32.630"/>
  <system-out/>
  <testcase classname="scaledupit.ShoppingFromCategoriesTest" name="shoppingFromSuglassCategories" time="32.887"/>
  <system-out/>
  <testcase classname="scaledupit.ShoppingFromCategoriesTest" name="shoppingFromMusicCategories" time="32.667"/>
  <system-out/>
  <testcase classname="scaledupit.ShoppingFromCategoriesTest" name="shoppingFromFeaturedCategories" time="23.508">
    <failure message="expected [Cart – Automation] but found [Woman Collection – Automation]" type="java.lang.AssertionError">
      <![CDATA[java.lang.AssertionError: expected [Cart – Automation] but found [Woman Collection – Automation]
at org.testng.Assert.fail(Assert.java:110)
at org.testng.Assert.failNotEquals(Assert.java:1577)
at org.testng.Assert.assertEqualsImpl(Assert.java:149)
at org.testng.Assert.assertEquals(Assert.java:131)
at org.testng.Assert.assertEquals(Assert.java:655)
at org.testng.Assert.assertEquals(Assert.java:665)
at scaledupit.ShoppingFromCategoriesTest.shoppingFromFeaturedCategories(ShoppingFromCategoriesTest.java:378)
at java.base/jdk.internal.reflect.NativeMethodAccessorImpl.invoke0(Native Method)
at java.base/jdk.internal.reflect.NativeMethodAccessorImpl.invoke(NativeMethodAccessorImpl.java:62)
at java.base/jdk.internal.reflect.DelegatingMethodAccessorImpl.invoke(DelegatingMethodAccessorImpl.java:43)
at java.base/java.lang.reflect.Method.invoke(Method.java:566)
at org.testng.internal.invokers.MethodInvocationHelper.invokeMethod(MethodInvocationHelper.java:139)
at org.testng.internal.invokers.TestInvoker.invokeMethod(TestInvoker.java:677)
at org.testng.internal.invokers.TestInvoker.invokeTestMethod(TestInvoker.java:221)
at org.testng.internal.invokers.MethodRunner.runInSequence(MethodRunner.java:50)
at org.testng.internal.invokers.TestInvoker$MethodInvocationAgent.invoke(TestInvoker.java:969)
at org.testng.internal.invokers.TestInvoker.invokeTestMethods(TestInvoker.java:194)
at org.testng.internal.invokers.TestMethodWorker.invokeTestMethods(TestMethodWorker.java:148)
at org.testng.internal.invokers.TestMethodWorker.run(TestMethodWorker.java:128)
at java.base/java.util.ArrayList.forEach(ArrayList.java:1541)
at org.testng.TestRunner.privateRun(TestRunner.java:829)
at org.testng.TestRunner.run(TestRunner.java:602)
at org.testng.SuiteRunner.runTest(SuiteRunner.java:437)
at org.testng.SuiteRunner.runSequentially(SuiteRunner.java:431)
at org.testng.SuiteRunner.privateRun(SuiteRunner.java:391)
at org.testng.SuiteRunner.run(SuiteRunner.java:330)
at org.testng.SuiteRunnerWorker.runSuite(SuiteRunnerWorker.java:52)
at org.testng.SuiteRunnerWorker.run(SuiteRunnerWorker.java:95)
at org.testng.TestNG.runSuitesSequentially(TestNG.java:1256)
at org.testng.TestNG.runSuitesLocally(TestNG.java:1176)
at org.testng.TestNG.runSuites(TestNG.java:1099)
at org.testng.TestNG.run(TestNG.java:1067)
at com.intellij.rt.testng.IDEARemoteTestNG.run(IDEARemoteTestNG.java:66)
at com.intellij.rt.testng.RemoteTestNGStarter.main(RemoteTestNGStarter.java:105)
]]>
    </failure>
  </testcase> <!-- shoppingFromFeaturedCategories -->
  <system-out/>
  <testcase classname="scaledupit.ShoppingFromCategoriesTest" name="shoppingFromFeaturedBesideCategories" time="33.917"/>
  <system-out/>
</testsuite> <!-- scaledupit.ShoppingFromCategoriesTest -->
